\BOOKMARK [1][-]{section*.3}{ \0431 \040\337 }{}% 1
\BOOKMARK [2][-]{section*.4}{A. \040 \040}{section*.3}% 2
\BOOKMARK [2][-]{section*.5}{\265 \040 }{section*.3}% 3
\BOOKMARK [2][-]{section*.6}{ \040 }{section*.3}% 4
\BOOKMARK [2][-]{section*.7}{\265 }{section*.3}% 5
\BOOKMARK [2][-]{section*.12}{B. \040 \040 \040MATLAB}{section*.3}% 6
\BOOKMARK [2][-]{section*.29}{. \040 \265 \040 \040MULTISIM}{section*.3}% 7
\BOOKMARK [1][-]{section*.46}{ \0432 \040\337 }{}% 8
\BOOKMARK [2][-]{section*.47}{A. \040 \040}{section*.46}% 9
\BOOKMARK [2][-]{section*.48}{\265 \040 }{section*.46}% 10
\BOOKMARK [2][-]{section*.49}{ \040 }{section*.46}% 11
\BOOKMARK [2][-]{section*.50}{\265 }{section*.46}% 12
\BOOKMARK [2][-]{section*.54}{B. \040 \040 \040MATLAB}{section*.46}% 13
\BOOKMARK [2][-]{section*.75}{. \040 \265 \040 \040MULTISIM}{section*.46}% 14
\BOOKMARK [1][-]{section*.94}{ \0433 \040 }{}% 15
\BOOKMARK [2][-]{section*.95}{A. \040 \040}{section*.94}% 16
\BOOKMARK [2][-]{section*.96}{\265 \040 }{section*.94}% 17
\BOOKMARK [2][-]{section*.97}{ \040 }{section*.94}% 18
\BOOKMARK [2][-]{section*.98}{\265 }{section*.94}% 19
\BOOKMARK [2][-]{section*.101}{B. \040 \040 \040MATLAB}{section*.94}% 20
\BOOKMARK [2][-]{section*.122}{. \040 \265 \040 \040MULTISIM}{section*.94}% 21
\BOOKMARK [1][-]{section*.141}{ \0434 \040\337 }{}% 22
\BOOKMARK [2][-]{section*.142}{A. \040 \040}{section*.141}% 23
\BOOKMARK [2][-]{section*.143}{\265 \040 }{section*.141}% 24
\BOOKMARK [2][-]{section*.144}{ \040 }{section*.141}% 25
\BOOKMARK [2][-]{section*.145}{\265 }{section*.141}% 26
\BOOKMARK [2][-]{section*.150}{B. \040 \040 \040MATLAB}{section*.141}% 27
\BOOKMARK [2][-]{section*.166}{. \040 \265 \040 \040MULTISIM}{section*.141}% 28
